-------------------------------------------------------------------------------
Test set: com.in28minutes.rest.dao.UserDAOServiceTest
-------------------------------------------------------------------------------
Tests run: 1, Failures: 1, Errors: 0, Skipped: 0, Time elapsed: 10.412 s <<< FAILURE! - in com.in28minutes.rest.dao.UserDAOServiceTest
testGetUsers  Time elapsed: 0.523 s  <<< FAILURE!
java.lang.AssertionError: expected:<2> but was:<3>
	at com.in28minutes.rest.dao.UserDAOServiceTest.testGetUsers(UserDAOServiceTest.java:26)

